2025-05-22 20:59:36,857 - Member ID 584557461497 returned "show your work" | Fine Paid Rs.0.0
2025-05-24 21:20:29,545 - Member ID 41881 borrowed "shadow slave" | Due 2025-06-01 | Fine Paid : Rs.0
2025-05-24 21:20:39,771 - Member ID 41881 returned "shadow slave" | Fine Paid Rs.0.0
2025-05-24 22:40:44,730 - Member ID 41881 borrowed "The Hungergames" | Due 2025-06-02 | Fine Paid : Rs.0
2025-05-24 22:40:56,400 - Member ID 41881 returned "The Hungergames" | Fine Paid Rs.0.0
2025-05-24 22:53:45,807 - Member ID 41881 borrowed "shadow slave" | Due 2025-06-01 | Fine Paid : Rs.0
2025-05-25 20:41:09,691 - Member ID 41881 borrowed "keep going" | Due 2025-05-28 | Fine Paid : Rs.0
2025-05-25 20:47:13,088 - Member ID 41881 borrowed "show your work" | Due 2025-06-03 | Fine Paid : Rs.0
2025-05-25 20:48:03,991 - Member ID 47715417078 borrowed "keep going" | Due 2025-05-28 | Fine Paid : Rs.0
2025-06-16 22:15:23,684 - Member ID 410 borrowed "shadowslave" | Due 2025-06-19 | Fine Paid : Rs.0
2025-06-16 22:17:06,019 - Member ID 7845574 borrowed "house of dragon" | Due 2025-06-21 | Fine Paid : Rs.0
2025-06-16 22:32:00,107 - Member ID 7845574 borrowed "house of dragon" | Due 2025-06-24 | Fine Paid : Rs.0
2025-06-16 22:37:21,825 - Member ID 7845574 borrowed "house of dragon" | Due 2025-06-21 | Fine Paid : Rs.0
2025-06-16 23:02:13,841 - Member ID 7845574 borrowed "house of dragon" | Due 2025-06-21 | Fine Paid : Rs.0
2025-06-16 23:04:35,101 - Member ID 7845574 borrowed "house of dragon" | Due 2025-06-21 | Fine Paid : Rs.0
2025-06-16 23:05:22,353 - Member ID 7845574 returned "house of dragon" | Fine Paid Rs.0.0
2025-06-16 23:16:18,377 - Member ID 410 borrowed "house of dragon" | Due 2025-06-21 | Fine Paid : Rs.0
2025-06-19 20:22:02,326 - Member ID 75575550 borrowed "assassin's creed" | Due 2025-06-22 | Fine Paid : Rs.0
2025-06-19 20:40:41,791 - Member ID 61814 borrowed "assassin's creed" | Due 2025-06-24 | Fine Paid : Rs.0
2025-06-19 20:53:59,950 - Member ID 410 borrowed "shadowslave" | Due 2025-06-24 | Fine Paid : Rs.0
2025-06-19 20:56:41,129 - Member ID 410 returned "shadowslave" | Fine Paid Rs.0.0
2025-06-19 20:56:54,509 - Member ID 410 borrowed "shadowslave" | Due 2025-06-24 | Fine Paid : Rs.0
2025-06-19 21:05:26,041 - Member ID 410 borrowed "shadowslave" | Due 2025-06-24 | Fine Paid : Rs.0
2025-06-19 21:09:12,946 - Member ID 410 returned "shadowslave" | Fine Paid Rs.0.0
2025-06-19 21:31:31,936 - Member ID 7845574 borrowed "neuromancer" | Due 2025-06-27 | Fine Paid : Rs.0
2025-06-19 21:32:17,228 - Member ID 7845574 returned "neuromancer" | Fine Paid Rs.0
2025-06-19 22:08:33,159 - Member ID 85075 borrowed "on the hand" | Due 2025-06-24 | Fine Paid : Rs.0
2025-06-19 22:14:22,554 - Member ID 47441 borrowed "mahabharata" | Due 2025-06-24 | Fine Paid : Rs.0
2025-06-19 22:14:36,417 - Member ID 47441 returned "mahabharata" | Fine Paid Rs.0
